20:37:44 [daemon(2812)] [INFO] reading configs from: "D:\\Téléchargements\\Espanso-Win-Portable-x86_64\\espanso-portable\\.espanso"
20:37:44 [daemon(2812)] [INFO] reading packages from: "D:\\Téléchargements\\Espanso-Win-Portable-x86_64\\espanso-portable\\.espanso\\match\\packages"
20:37:44 [daemon(2812)] [INFO] using runtime dir: "D:\\Téléchargements\\Espanso-Win-Portable-x86_64\\espanso-portable\\.espanso-runtime"
20:37:44 [daemon(2812)] [INFO] system info: Windows v11 (26100) - kernel: 26100
20:37:44 [daemon(2812)] [INFO] watching for changes in path: "D:\\Téléchargements\\Espanso-Win-Portable-x86_64\\espanso-portable\\.espanso"
20:37:44 [daemon(2812)] [INFO] espanso version: 2.2.3
20:37:44 [daemon(2812)] [INFO] spawning the worker process...
20:37:44 [daemon(2812)] [INFO] binded to named pipe: \\.\pipe\espansodaemonv2
20:37:44 [worker(12392)] [INFO] reading configs from: "D:\\Téléchargements\\Espanso-Win-Portable-x86_64\\espanso-portable\\.espanso"
20:37:44 [worker(12392)] [INFO] reading packages from: "D:\\Téléchargements\\Espanso-Win-Portable-x86_64\\espanso-portable\\.espanso\\match\\packages"
20:37:44 [worker(12392)] [INFO] using runtime dir: "D:\\Téléchargements\\Espanso-Win-Portable-x86_64\\espanso-portable\\.espanso-runtime"
20:37:44 [worker(12392)] [INFO] system info: Windows v11 (26100) - kernel: 26100
20:37:44 [worker(12392)] [INFO] binded to named pipe: \\.\pipe\espansoworkerv2
20:37:44 [worker(12392)] [INFO] monitoring the status of the daemon process
20:37:44 [worker(12392)] [INFO] using Win32AppInfoProvider
20:37:44 [worker(12392)] [INFO] using Win32Source
20:37:44 [worker(12392)] [INFO] using Win32Injector
20:37:44 [worker(12392)] [INFO] using Win32Clipboard
20:38:32 [daemon(2812)] [INFO] configuration change detected, restarting worker process...
20:38:32 [worker(12392)] [INFO] engine eventloop has terminated, propagating exit event...
20:38:32 [worker(12392)] [INFO] waiting for engine exit mode...
20:38:32 [worker(12392)] [INFO] exiting worker process...
20:38:32 [daemon(2812)] [INFO] spawning the worker process...
20:38:32 [worker(11768)] [INFO] reading configs from: "D:\\Téléchargements\\Espanso-Win-Portable-x86_64\\espanso-portable\\.espanso"
20:38:32 [worker(11768)] [INFO] reading packages from: "D:\\Téléchargements\\Espanso-Win-Portable-x86_64\\espanso-portable\\.espanso\\match\\packages"
20:38:32 [worker(11768)] [INFO] using runtime dir: "D:\\Téléchargements\\Espanso-Win-Portable-x86_64\\espanso-portable\\.espanso-runtime"
20:38:32 [worker(11768)] [INFO] system info: Windows v11 (26100) - kernel: 26100
20:38:32 [worker(11768)] [INFO] binded to named pipe: \\.\pipe\espansoworkerv2
20:38:32 [worker(11768)] [INFO] using Win32AppInfoProvider
20:38:32 [worker(11768)] [INFO] monitoring the status of the daemon process
20:38:32 [worker(11768)] [INFO] using Win32Source
20:38:32 [worker(11768)] [INFO] using Win32Injector
20:38:32 [worker(11768)] [INFO] using Win32Clipboard
20:38:38 [daemon(2812)] [INFO] configuration change detected, restarting worker process...
20:38:38 [worker(11768)] [INFO] engine eventloop has terminated, propagating exit event...
20:38:38 [worker(11768)] [INFO] waiting for engine exit mode...
20:38:38 [worker(11768)] [INFO] exiting worker process...
20:38:38 [daemon(2812)] [INFO] spawning the worker process...
20:38:38 [worker(6224)] [INFO] reading configs from: "D:\\Téléchargements\\Espanso-Win-Portable-x86_64\\espanso-portable\\.espanso"
20:38:38 [worker(6224)] [INFO] reading packages from: "D:\\Téléchargements\\Espanso-Win-Portable-x86_64\\espanso-portable\\.espanso\\match\\packages"
20:38:38 [worker(6224)] [INFO] using runtime dir: "D:\\Téléchargements\\Espanso-Win-Portable-x86_64\\espanso-portable\\.espanso-runtime"
20:38:38 [worker(6224)] [INFO] system info: Windows v11 (26100) - kernel: 26100
20:38:38 [worker(6224)] [INFO] binded to named pipe: \\.\pipe\espansoworkerv2
20:38:38 [worker(6224)] [INFO] using Win32AppInfoProvider
20:38:38 [worker(6224)] [INFO] monitoring the status of the daemon process
20:38:38 [worker(6224)] [INFO] using Win32Source
20:38:38 [worker(6224)] [INFO] using Win32Injector
20:38:38 [worker(6224)] [INFO] using Win32Clipboard
20:39:15 [daemon(2812)] [INFO] configuration change detected, restarting worker process...
20:39:15 [worker(6224)] [INFO] engine eventloop has terminated, propagating exit event...
20:39:15 [worker(6224)] [INFO] waiting for engine exit mode...
20:39:15 [worker(6224)] [INFO] exiting worker process...
20:39:15 [daemon(2812)] [INFO] spawning the worker process...
20:39:15 [worker(11980)] [INFO] reading configs from: "D:\\Téléchargements\\Espanso-Win-Portable-x86_64\\espanso-portable\\.espanso"
20:39:15 [worker(11980)] [INFO] reading packages from: "D:\\Téléchargements\\Espanso-Win-Portable-x86_64\\espanso-portable\\.espanso\\match\\packages"
20:39:15 [worker(11980)] [INFO] using runtime dir: "D:\\Téléchargements\\Espanso-Win-Portable-x86_64\\espanso-portable\\.espanso-runtime"
20:39:15 [worker(11980)] [INFO] system info: Windows v11 (26100) - kernel: 26100
20:39:15 [worker(11980)] [INFO] binded to named pipe: \\.\pipe\espansoworkerv2
20:39:15 [worker(11980)] [INFO] using Win32AppInfoProvider
20:39:15 [worker(11980)] [INFO] monitoring the status of the daemon process
20:39:15 [worker(11980)] [INFO] using Win32Source
20:39:15 [worker(11980)] [INFO] using Win32Injector
20:39:15 [worker(11980)] [INFO] using Win32Clipboard
20:39:26 [daemon(2812)] [INFO] configuration change detected, restarting worker process...
20:39:26 [worker(11980)] [INFO] engine eventloop has terminated, propagating exit event...
20:39:26 [worker(11980)] [INFO] waiting for engine exit mode...
20:39:26 [worker(11980)] [INFO] exiting worker process...
20:39:26 [daemon(2812)] [INFO] spawning the worker process...
20:39:26 [worker(7408)] [INFO] reading configs from: "D:\\Téléchargements\\Espanso-Win-Portable-x86_64\\espanso-portable\\.espanso"
20:39:26 [worker(7408)] [INFO] reading packages from: "D:\\Téléchargements\\Espanso-Win-Portable-x86_64\\espanso-portable\\.espanso\\match\\packages"
20:39:26 [worker(7408)] [INFO] using runtime dir: "D:\\Téléchargements\\Espanso-Win-Portable-x86_64\\espanso-portable\\.espanso-runtime"
20:39:26 [worker(7408)] [INFO] system info: Windows v11 (26100) - kernel: 26100
20:39:26 [worker(7408)] [INFO] binded to named pipe: \\.\pipe\espansoworkerv2
20:39:26 [worker(7408)] [INFO] using Win32AppInfoProvider
20:39:26 [worker(7408)] [INFO] monitoring the status of the daemon process
20:39:26 [worker(7408)] [INFO] using Win32Source
20:39:26 [worker(7408)] [INFO] using Win32Injector
20:39:26 [worker(7408)] [INFO] using Win32Clipboard
20:40:19 [daemon(2812)] [INFO] configuration change detected, restarting worker process...
20:40:19 [daemon(2812)] [WARN] ------- detected some errors in the configuration: -------
20:40:19 [daemon(2812)] [WARN] >>> D:\Téléchargements\Espanso-Win-Portable-x86_64\espanso-portable\.espanso\match\magic.yml
20:40:19 [daemon(2812)] [ERROR] unable to load match group "D:\\Téléchargements\\Espanso-Win-Portable-x86_64\\espanso-portable\\.espanso\\match\\magic.yml"

Caused by:
    0: failed to parse YAML match group
    1: while parsing a block mapping, did not find expected key at line 7 column 1
    2: while parsing a block mapping, did not find expected key at line 7 column 1
20:40:19 [daemon(2812)] [WARN] -----------------------------------------------------------
20:40:19 [worker(7408)] [INFO] engine eventloop has terminated, propagating exit event...
20:40:19 [worker(7408)] [INFO] waiting for engine exit mode...
20:40:19 [worker(7408)] [INFO] exiting worker process...
20:40:19 [daemon(2812)] [INFO] spawning the worker process...
20:40:19 [worker(3756)] [INFO] reading configs from: "D:\\Téléchargements\\Espanso-Win-Portable-x86_64\\espanso-portable\\.espanso"
20:40:19 [worker(3756)] [INFO] reading packages from: "D:\\Téléchargements\\Espanso-Win-Portable-x86_64\\espanso-portable\\.espanso\\match\\packages"
20:40:19 [worker(3756)] [INFO] using runtime dir: "D:\\Téléchargements\\Espanso-Win-Portable-x86_64\\espanso-portable\\.espanso-runtime"
20:40:19 [worker(3756)] [INFO] system info: Windows v11 (26100) - kernel: 26100
20:40:19 [worker(3756)] [WARN] ------- detected some errors in the configuration: -------
20:40:19 [worker(3756)] [WARN] >>> D:\Téléchargements\Espanso-Win-Portable-x86_64\espanso-portable\.espanso\match\magic.yml
20:40:19 [worker(3756)] [ERROR] unable to load match group "D:\\Téléchargements\\Espanso-Win-Portable-x86_64\\espanso-portable\\.espanso\\match\\magic.yml"

Caused by:
    0: failed to parse YAML match group
    1: while parsing a block mapping, did not find expected key at line 7 column 1
    2: while parsing a block mapping, did not find expected key at line 7 column 1
20:40:19 [worker(3756)] [WARN] -----------------------------------------------------------
20:40:19 [worker(3756)] [INFO] binded to named pipe: \\.\pipe\espansoworkerv2
20:40:19 [worker(3756)] [INFO] using Win32AppInfoProvider
20:40:19 [worker(3756)] [INFO] monitoring the status of the daemon process
20:40:19 [worker(3756)] [INFO] using Win32Source
20:40:19 [worker(3756)] [INFO] using Win32Injector
20:40:19 [worker(3756)] [INFO] using Win32Clipboard
20:45:17 [daemon(2812)] [INFO] configuration change detected, restarting worker process...
20:45:17 [daemon(2812)] [WARN] ------- detected some errors in the configuration: -------
20:45:17 [daemon(2812)] [WARN] >>> D:\Téléchargements\Espanso-Win-Portable-x86_64\espanso-portable\.espanso\match\magic.yml
20:45:17 [daemon(2812)] [ERROR] unable to load match group "D:\\Téléchargements\\Espanso-Win-Portable-x86_64\\espanso-portable\\.espanso\\match\\magic.yml"

Caused by:
    0: failed to parse YAML match group
    1: while parsing a block mapping, did not find expected key at line 6 column 1
    2: while parsing a block mapping, did not find expected key at line 6 column 1
20:45:17 [daemon(2812)] [WARN] -----------------------------------------------------------
20:45:17 [worker(3756)] [INFO] engine eventloop has terminated, propagating exit event...
20:45:17 [worker(3756)] [INFO] waiting for engine exit mode...
20:45:17 [worker(3756)] [INFO] exiting worker process...
20:45:17 [daemon(2812)] [INFO] spawning the worker process...
20:45:17 [worker(16204)] [INFO] reading configs from: "D:\\Téléchargements\\Espanso-Win-Portable-x86_64\\espanso-portable\\.espanso"
20:45:17 [worker(16204)] [INFO] reading packages from: "D:\\Téléchargements\\Espanso-Win-Portable-x86_64\\espanso-portable\\.espanso\\match\\packages"
20:45:17 [worker(16204)] [INFO] using runtime dir: "D:\\Téléchargements\\Espanso-Win-Portable-x86_64\\espanso-portable\\.espanso-runtime"
20:45:17 [worker(16204)] [INFO] system info: Windows v11 (26100) - kernel: 26100
20:45:17 [worker(16204)] [WARN] ------- detected some errors in the configuration: -------
20:45:17 [worker(16204)] [WARN] >>> D:\Téléchargements\Espanso-Win-Portable-x86_64\espanso-portable\.espanso\match\magic.yml
20:45:17 [worker(16204)] [ERROR] unable to load match group "D:\\Téléchargements\\Espanso-Win-Portable-x86_64\\espanso-portable\\.espanso\\match\\magic.yml"

Caused by:
    0: failed to parse YAML match group
    1: while parsing a block mapping, did not find expected key at line 6 column 1
    2: while parsing a block mapping, did not find expected key at line 6 column 1
20:45:17 [worker(16204)] [WARN] -----------------------------------------------------------
20:45:17 [worker(16204)] [INFO] binded to named pipe: \\.\pipe\espansoworkerv2
20:45:17 [worker(16204)] [INFO] using Win32AppInfoProvider
20:45:17 [worker(16204)] [INFO] monitoring the status of the daemon process
20:45:17 [worker(16204)] [INFO] using Win32Source
20:45:17 [worker(16204)] [INFO] using Win32Injector
20:45:17 [worker(16204)] [INFO] using Win32Clipboard
20:45:35 [daemon(2812)] [INFO] configuration change detected, restarting worker process...
20:45:35 [daemon(2812)] [WARN] ------- detected some errors in the configuration: -------
20:45:35 [daemon(2812)] [WARN] >>> D:\Téléchargements\Espanso-Win-Portable-x86_64\espanso-portable\.espanso\match\magic.yml
20:45:35 [daemon(2812)] [ERROR] unable to load match group "D:\\Téléchargements\\Espanso-Win-Portable-x86_64\\espanso-portable\\.espanso\\match\\magic.yml"

Caused by:
    0: failed to parse YAML match group
    1: while parsing a block mapping, did not find expected key at line 118 column 1
    2: while parsing a block mapping, did not find expected key at line 118 column 1
20:45:35 [daemon(2812)] [WARN] -----------------------------------------------------------
20:45:35 [worker(16204)] [INFO] engine eventloop has terminated, propagating exit event...
20:45:35 [worker(16204)] [INFO] waiting for engine exit mode...
20:45:35 [worker(16204)] [INFO] exiting worker process...
20:45:35 [daemon(2812)] [INFO] spawning the worker process...
20:45:35 [worker(9860)] [INFO] reading configs from: "D:\\Téléchargements\\Espanso-Win-Portable-x86_64\\espanso-portable\\.espanso"
20:45:35 [worker(9860)] [INFO] reading packages from: "D:\\Téléchargements\\Espanso-Win-Portable-x86_64\\espanso-portable\\.espanso\\match\\packages"
20:45:35 [worker(9860)] [INFO] using runtime dir: "D:\\Téléchargements\\Espanso-Win-Portable-x86_64\\espanso-portable\\.espanso-runtime"
20:45:35 [worker(9860)] [INFO] system info: Windows v11 (26100) - kernel: 26100
20:45:35 [worker(9860)] [WARN] ------- detected some errors in the configuration: -------
20:45:35 [worker(9860)] [WARN] >>> D:\Téléchargements\Espanso-Win-Portable-x86_64\espanso-portable\.espanso\match\magic.yml
20:45:35 [worker(9860)] [ERROR] unable to load match group "D:\\Téléchargements\\Espanso-Win-Portable-x86_64\\espanso-portable\\.espanso\\match\\magic.yml"

Caused by:
    0: failed to parse YAML match group
    1: while parsing a block mapping, did not find expected key at line 118 column 1
    2: while parsing a block mapping, did not find expected key at line 118 column 1
20:45:35 [worker(9860)] [WARN] -----------------------------------------------------------
20:45:35 [worker(9860)] [INFO] binded to named pipe: \\.\pipe\espansoworkerv2
20:45:35 [worker(9860)] [INFO] using Win32AppInfoProvider
20:45:35 [worker(9860)] [INFO] monitoring the status of the daemon process
20:45:35 [worker(9860)] [INFO] using Win32Source
20:45:35 [worker(9860)] [INFO] using Win32Injector
20:45:35 [worker(9860)] [INFO] using Win32Clipboard
20:46:28 [daemon(2812)] [INFO] configuration change detected, restarting worker process...
20:46:28 [daemon(2812)] [WARN] ------- detected some errors in the configuration: -------
20:46:28 [daemon(2812)] [WARN] >>> D:\Téléchargements\Espanso-Win-Portable-x86_64\espanso-portable\.espanso\match\magic.yml
20:46:28 [daemon(2812)] [ERROR] unable to load match group "D:\\Téléchargements\\Espanso-Win-Portable-x86_64\\espanso-portable\\.espanso\\match\\magic.yml"

Caused by:
    0: failed to parse YAML match group
    1: while parsing a block mapping, did not find expected key at line 118 column 1
    2: while parsing a block mapping, did not find expected key at line 118 column 1
20:46:28 [daemon(2812)] [WARN] -----------------------------------------------------------
20:46:28 [worker(9860)] [INFO] engine eventloop has terminated, propagating exit event...
20:46:28 [worker(9860)] [INFO] waiting for engine exit mode...
20:46:28 [worker(9860)] [INFO] exiting worker process...
20:46:28 [daemon(2812)] [INFO] spawning the worker process...
20:46:29 [worker(7704)] [INFO] reading configs from: "D:\\Téléchargements\\Espanso-Win-Portable-x86_64\\espanso-portable\\.espanso"
20:46:29 [worker(7704)] [INFO] reading packages from: "D:\\Téléchargements\\Espanso-Win-Portable-x86_64\\espanso-portable\\.espanso\\match\\packages"
20:46:29 [worker(7704)] [INFO] using runtime dir: "D:\\Téléchargements\\Espanso-Win-Portable-x86_64\\espanso-portable\\.espanso-runtime"
20:46:29 [worker(7704)] [INFO] system info: Windows v11 (26100) - kernel: 26100
20:46:29 [worker(7704)] [WARN] ------- detected some errors in the configuration: -------
20:46:29 [worker(7704)] [WARN] >>> D:\Téléchargements\Espanso-Win-Portable-x86_64\espanso-portable\.espanso\match\magic.yml
20:46:29 [worker(7704)] [ERROR] unable to load match group "D:\\Téléchargements\\Espanso-Win-Portable-x86_64\\espanso-portable\\.espanso\\match\\magic.yml"

Caused by:
    0: failed to parse YAML match group
    1: while parsing a block mapping, did not find expected key at line 118 column 1
    2: while parsing a block mapping, did not find expected key at line 118 column 1
20:46:29 [worker(7704)] [WARN] -----------------------------------------------------------
20:46:29 [worker(7704)] [INFO] binded to named pipe: \\.\pipe\espansoworkerv2
20:46:29 [worker(7704)] [INFO] using Win32AppInfoProvider
20:46:29 [worker(7704)] [INFO] monitoring the status of the daemon process
20:46:29 [worker(7704)] [INFO] using Win32Source
20:46:29 [worker(7704)] [INFO] using Win32Injector
20:46:29 [worker(7704)] [INFO] using Win32Clipboard
20:49:02 [daemon(2812)] [INFO] configuration change detected, restarting worker process...
20:49:02 [worker(7704)] [INFO] engine eventloop has terminated, propagating exit event...
20:49:02 [worker(7704)] [INFO] waiting for engine exit mode...
20:49:02 [worker(7704)] [INFO] exiting worker process...
20:49:02 [daemon(2812)] [INFO] spawning the worker process...
20:49:02 [worker(16188)] [INFO] reading configs from: "D:\\Téléchargements\\Espanso-Win-Portable-x86_64\\espanso-portable\\.espanso"
20:49:02 [worker(16188)] [INFO] reading packages from: "D:\\Téléchargements\\Espanso-Win-Portable-x86_64\\espanso-portable\\.espanso\\match\\packages"
20:49:02 [worker(16188)] [INFO] using runtime dir: "D:\\Téléchargements\\Espanso-Win-Portable-x86_64\\espanso-portable\\.espanso-runtime"
20:49:02 [worker(16188)] [INFO] system info: Windows v11 (26100) - kernel: 26100
20:49:02 [worker(16188)] [INFO] binded to named pipe: \\.\pipe\espansoworkerv2
20:49:02 [worker(16188)] [INFO] using Win32AppInfoProvider
20:49:02 [worker(16188)] [INFO] monitoring the status of the daemon process
20:49:02 [worker(16188)] [INFO] using Win32Source
20:49:02 [worker(16188)] [INFO] using Win32Injector
20:49:02 [worker(16188)] [INFO] using Win32Clipboard
20:49:55 [daemon(2812)] [INFO] configuration change detected, restarting worker process...
20:49:55 [daemon(2812)] [WARN] ------- detected some errors in the configuration: -------
20:49:55 [daemon(2812)] [WARN] >>> D:\Téléchargements\Espanso-Win-Portable-x86_64\espanso-portable\.espanso\match\magic.yml
20:49:55 [daemon(2812)] [ERROR] unable to load match group "D:\\Téléchargements\\Espanso-Win-Portable-x86_64\\espanso-portable\\.espanso\\match\\magic.yml"

Caused by:
    0: failed to parse YAML match group
    1: unexpected character: ``' at line 306 column 1
    2: unexpected character: ``' at line 306 column 1
20:49:55 [daemon(2812)] [WARN] -----------------------------------------------------------
20:49:55 [worker(16188)] [INFO] engine eventloop has terminated, propagating exit event...
20:49:55 [worker(16188)] [INFO] waiting for engine exit mode...
20:49:55 [worker(16188)] [INFO] exiting worker process...
20:49:55 [daemon(2812)] [INFO] spawning the worker process...
20:49:55 [worker(14244)] [INFO] reading configs from: "D:\\Téléchargements\\Espanso-Win-Portable-x86_64\\espanso-portable\\.espanso"
20:49:55 [worker(14244)] [INFO] reading packages from: "D:\\Téléchargements\\Espanso-Win-Portable-x86_64\\espanso-portable\\.espanso\\match\\packages"
20:49:55 [worker(14244)] [INFO] using runtime dir: "D:\\Téléchargements\\Espanso-Win-Portable-x86_64\\espanso-portable\\.espanso-runtime"
20:49:55 [worker(14244)] [INFO] system info: Windows v11 (26100) - kernel: 26100
20:49:55 [worker(14244)] [WARN] ------- detected some errors in the configuration: -------
20:49:55 [worker(14244)] [WARN] >>> D:\Téléchargements\Espanso-Win-Portable-x86_64\espanso-portable\.espanso\match\magic.yml
20:49:55 [worker(14244)] [ERROR] unable to load match group "D:\\Téléchargements\\Espanso-Win-Portable-x86_64\\espanso-portable\\.espanso\\match\\magic.yml"

Caused by:
    0: failed to parse YAML match group
    1: unexpected character: ``' at line 306 column 1
    2: unexpected character: ``' at line 306 column 1
20:49:55 [worker(14244)] [WARN] -----------------------------------------------------------
20:49:55 [worker(14244)] [INFO] binded to named pipe: \\.\pipe\espansoworkerv2
20:49:55 [worker(14244)] [INFO] using Win32AppInfoProvider
20:49:55 [worker(14244)] [INFO] monitoring the status of the daemon process
20:49:55 [worker(14244)] [INFO] using Win32Source
20:49:55 [worker(14244)] [INFO] using Win32Injector
20:49:55 [worker(14244)] [INFO] using Win32Clipboard
20:50:04 [daemon(2812)] [INFO] configuration change detected, restarting worker process...
20:50:04 [daemon(2812)] [WARN] ------- detected some errors in the configuration: -------
20:50:04 [daemon(2812)] [WARN] >>> D:\Téléchargements\Espanso-Win-Portable-x86_64\espanso-portable\.espanso\match\magic.yml
20:50:04 [daemon(2812)] [ERROR] unable to load match group "D:\\Téléchargements\\Espanso-Win-Portable-x86_64\\espanso-portable\\.espanso\\match\\magic.yml"

Caused by:
    0: failed to parse YAML match group
    1: while parsing a block collection, did not find expected '-' indicator at line 450 column 13
    2: while parsing a block collection, did not find expected '-' indicator at line 450 column 13
20:50:04 [daemon(2812)] [WARN] -----------------------------------------------------------
20:50:04 [worker(14244)] [INFO] engine eventloop has terminated, propagating exit event...
20:50:04 [worker(14244)] [INFO] waiting for engine exit mode...
20:50:04 [worker(14244)] [INFO] exiting worker process...
20:50:05 [daemon(2812)] [INFO] spawning the worker process...
20:50:05 [worker(7236)] [INFO] reading configs from: "D:\\Téléchargements\\Espanso-Win-Portable-x86_64\\espanso-portable\\.espanso"
20:50:05 [worker(7236)] [INFO] reading packages from: "D:\\Téléchargements\\Espanso-Win-Portable-x86_64\\espanso-portable\\.espanso\\match\\packages"
20:50:05 [worker(7236)] [INFO] using runtime dir: "D:\\Téléchargements\\Espanso-Win-Portable-x86_64\\espanso-portable\\.espanso-runtime"
20:50:05 [worker(7236)] [INFO] system info: Windows v11 (26100) - kernel: 26100
20:50:05 [worker(7236)] [WARN] ------- detected some errors in the configuration: -------
20:50:05 [worker(7236)] [WARN] >>> D:\Téléchargements\Espanso-Win-Portable-x86_64\espanso-portable\.espanso\match\magic.yml
20:50:05 [worker(7236)] [ERROR] unable to load match group "D:\\Téléchargements\\Espanso-Win-Portable-x86_64\\espanso-portable\\.espanso\\match\\magic.yml"

Caused by:
    0: failed to parse YAML match group
    1: while parsing a block collection, did not find expected '-' indicator at line 450 column 13
    2: while parsing a block collection, did not find expected '-' indicator at line 450 column 13
20:50:05 [worker(7236)] [WARN] -----------------------------------------------------------
20:50:05 [worker(7236)] [INFO] binded to named pipe: \\.\pipe\espansoworkerv2
20:50:05 [worker(7236)] [INFO] using Win32AppInfoProvider
20:50:05 [worker(7236)] [INFO] monitoring the status of the daemon process
20:50:05 [worker(7236)] [INFO] using Win32Source
20:50:05 [worker(7236)] [INFO] using Win32Injector
20:50:05 [worker(7236)] [INFO] using Win32Clipboard
20:50:14 [daemon(2812)] [INFO] configuration change detected, restarting worker process...
20:50:14 [worker(7236)] [INFO] engine eventloop has terminated, propagating exit event...
20:50:14 [worker(7236)] [INFO] waiting for engine exit mode...
20:50:14 [worker(7236)] [INFO] exiting worker process...
20:50:14 [daemon(2812)] [INFO] spawning the worker process...
20:50:14 [worker(15920)] [INFO] reading configs from: "D:\\Téléchargements\\Espanso-Win-Portable-x86_64\\espanso-portable\\.espanso"
20:50:14 [worker(15920)] [INFO] reading packages from: "D:\\Téléchargements\\Espanso-Win-Portable-x86_64\\espanso-portable\\.espanso\\match\\packages"
20:50:14 [worker(15920)] [INFO] using runtime dir: "D:\\Téléchargements\\Espanso-Win-Portable-x86_64\\espanso-portable\\.espanso-runtime"
20:50:14 [worker(15920)] [INFO] system info: Windows v11 (26100) - kernel: 26100
20:50:14 [worker(15920)] [INFO] binded to named pipe: \\.\pipe\espansoworkerv2
20:50:14 [worker(15920)] [INFO] using Win32AppInfoProvider
20:50:14 [worker(15920)] [INFO] monitoring the status of the daemon process
20:50:14 [worker(15920)] [INFO] using Win32Source
20:50:14 [worker(15920)] [INFO] using Win32Injector
20:50:14 [worker(15920)] [INFO] using Win32Clipboard
20:51:22 [daemon(2812)] [INFO] configuration change detected, restarting worker process...
20:51:22 [worker(15920)] [INFO] engine eventloop has terminated, propagating exit event...
20:51:22 [worker(15920)] [INFO] waiting for engine exit mode...
20:51:22 [worker(15920)] [INFO] exiting worker process...
20:51:23 [daemon(2812)] [INFO] spawning the worker process...
20:51:23 [worker(2984)] [INFO] reading configs from: "D:\\Téléchargements\\Espanso-Win-Portable-x86_64\\espanso-portable\\.espanso"
20:51:23 [worker(2984)] [INFO] reading packages from: "D:\\Téléchargements\\Espanso-Win-Portable-x86_64\\espanso-portable\\.espanso\\match\\packages"
20:51:23 [worker(2984)] [INFO] using runtime dir: "D:\\Téléchargements\\Espanso-Win-Portable-x86_64\\espanso-portable\\.espanso-runtime"
20:51:23 [worker(2984)] [INFO] system info: Windows v11 (26100) - kernel: 26100
20:51:23 [worker(2984)] [INFO] binded to named pipe: \\.\pipe\espansoworkerv2
20:51:23 [worker(2984)] [INFO] using Win32AppInfoProvider
20:51:23 [worker(2984)] [INFO] monitoring the status of the daemon process
20:51:23 [worker(2984)] [INFO] using Win32Source
20:51:23 [worker(2984)] [INFO] using Win32Injector
20:51:23 [worker(2984)] [INFO] using Win32Clipboard
20:52:34 [daemon(2812)] [INFO] configuration change detected, restarting worker process...
20:52:34 [worker(2984)] [INFO] engine eventloop has terminated, propagating exit event...
20:52:34 [worker(2984)] [INFO] waiting for engine exit mode...
20:52:34 [worker(2984)] [INFO] exiting worker process...
20:52:35 [daemon(2812)] [INFO] spawning the worker process...
20:52:35 [worker(15500)] [INFO] reading configs from: "D:\\Téléchargements\\Espanso-Win-Portable-x86_64\\espanso-portable\\.espanso"
20:52:35 [worker(15500)] [INFO] reading packages from: "D:\\Téléchargements\\Espanso-Win-Portable-x86_64\\espanso-portable\\.espanso\\match\\packages"
20:52:35 [worker(15500)] [INFO] using runtime dir: "D:\\Téléchargements\\Espanso-Win-Portable-x86_64\\espanso-portable\\.espanso-runtime"
20:52:35 [worker(15500)] [INFO] system info: Windows v11 (26100) - kernel: 26100
20:52:35 [worker(15500)] [INFO] binded to named pipe: \\.\pipe\espansoworkerv2
20:52:35 [worker(15500)] [INFO] using Win32AppInfoProvider
20:52:35 [worker(15500)] [INFO] monitoring the status of the daemon process
20:52:35 [worker(15500)] [INFO] using Win32Source
20:52:35 [worker(15500)] [INFO] using Win32Injector
20:52:35 [worker(15500)] [INFO] using Win32Clipboard
20:53:28 [daemon(2812)] [INFO] configuration change detected, restarting worker process...
20:53:28 [worker(15500)] [INFO] engine eventloop has terminated, propagating exit event...
20:53:28 [worker(15500)] [INFO] waiting for engine exit mode...
20:53:28 [worker(15500)] [INFO] exiting worker process...
20:53:28 [daemon(2812)] [INFO] spawning the worker process...
20:53:28 [worker(14416)] [INFO] reading configs from: "D:\\Téléchargements\\Espanso-Win-Portable-x86_64\\espanso-portable\\.espanso"
20:53:28 [worker(14416)] [INFO] reading packages from: "D:\\Téléchargements\\Espanso-Win-Portable-x86_64\\espanso-portable\\.espanso\\match\\packages"
20:53:28 [worker(14416)] [INFO] using runtime dir: "D:\\Téléchargements\\Espanso-Win-Portable-x86_64\\espanso-portable\\.espanso-runtime"
20:53:28 [worker(14416)] [INFO] system info: Windows v11 (26100) - kernel: 26100
20:53:28 [worker(14416)] [INFO] binded to named pipe: \\.\pipe\espansoworkerv2
20:53:28 [worker(14416)] [INFO] using Win32AppInfoProvider
20:53:28 [worker(14416)] [INFO] monitoring the status of the daemon process
20:53:28 [worker(14416)] [INFO] using Win32Source
20:53:28 [worker(14416)] [INFO] using Win32Injector
20:53:28 [worker(14416)] [INFO] using Win32Clipboard
20:54:55 [worker(14416)] [INFO] engine eventloop has terminated, propagating exit event...
20:54:55 [worker(14416)] [INFO] waiting for engine exit mode...
20:54:55 [worker(14416)] [INFO] exiting worker process and daemon...
20:54:55 [daemon(2812)] [INFO] worker requested a general exit, quitting the daemon
